Build started 2012-03-20 14:28:33.
     1>Project "C:\Users\Patryk\Documents\Visual Studio 2010\Projects\zAlg1\zAlg1\zAlg1.vcxproj" on node 2 (build target(s)).
     1>InitializeBuildStatus:
         Creating "Debug\zAlg1.unsuccessfulbuild" because "AlwaysCreate" was specified.
       ClCompile:
         All outputs are up-to-date.
         c:\Program Files (x86)\Microsoft Visual Studio 10.0\VC\bin\CL.exe /c /ZI /nologo /W3 /WX- /Od /Oy- /D WIN32 /D _DEBUG /D _CONSOLE /D _UNICODE /D UNICODE /Gm /EHsc /RTC1 /MDd /GS /fp:precise /Zc:wchar_t /Zc:forScope /Yu"StdAfx.h" /Fp"Debug\zAlg1.pch" /Fo"Debug\\" /Fd"Debug\vc100.pdb" /Gd /TP /analyze- /errorReport:prompt Tester.cpp
         Tester.cpp
       ManifestResourceCompile:
         All outputs are up-to-date.
       Link:
         c:\Program Files (x86)\Microsoft Visual Studio 10.0\VC\bin\link.exe /ERRORREPORT:PROMPT /OUT:"C:\Users\Patryk\Documents\Visual Studio 2010\Projects\zAlg1\Debug\zAlg1.exe" /INCREMENTAL /NOLOGO kernel32.lib user32.lib gdi32.lib winspool.lib comdlg32.lib advapi32.lib shell32.lib ole32.lib oleaut32.lib uuid.lib odbc32.lib odbccp32.lib /MANIFEST /ManifestFile:"Debug\zAlg1.exe.intermediate.manifest" /MANIFESTUAC:"level='asInvoker' uiAccess='false'" /DEBUG /PDB:"C:\Users\Patryk\Documents\Visual Studio 2010\Projects\zAlg1\Debug\zAlg1.pdb" /SUBSYSTEM:CONSOLE /TLBID:1 /DYNAMICBASE /NXCOMPAT /IMPLIB:"C:\Users\Patryk\Documents\Visual Studio 2010\Projects\zAlg1\Debug\zAlg1.lib" /MACHINE:X86 Debug\zAlg1.exe.embed.manifest.res
         Debug\Large.obj
         Debug\Profiler.obj
         Debug\stdafx.obj
         Debug\Tester.obj
         Debug\zAlg1.obj
       Manifest:
         C:\Program Files (x86)\Microsoft SDKs\Windows\v7.0A\bin\mt.exe /nologo /verbose /out:"Debug\zAlg1.exe.embed.manifest" /manifest Debug\zAlg1.exe.intermediate.manifest
         All outputs are up-to-date.
       LinkEmbedManifest:
         All outputs are up-to-date.
         zAlg1.vcxproj -> C:\Users\Patryk\Documents\Visual Studio 2010\Projects\zAlg1\Debug\zAlg1.exe
       FinalizeBuildStatus:
         Deleting file "Debug\zAlg1.unsuccessfulbuild".
         Touching "Debug\zAlg1.lastbuildstate".
     1>Done Building Project "C:\Users\Patryk\Documents\Visual Studio 2010\Projects\zAlg1\zAlg1\zAlg1.vcxproj" (build target(s)).

Build succeeded.

Time Elapsed 00:00:01.22
